# JRE version: Java(TM) SE Runtime Environment (8.0_25-b18) (build 1.8.0_25-b18)
# Java VM: Java HotSpot(TM) 64-Bit Server VM (25.25-b02 mixed mode windows-amd64 compressed oops)
Heap:
 PSYoungGen      total 28672K, used 23217K [0x00000000d6b80000, 0x00000000d8900000, 0x0000000100000000)
  eden space 27136K, 83% used [0x00000000d6b80000,0x00000000d81bc438,0x00000000d8600000)
  from space 1536K, 29% used [0x00000000d8780000,0x00000000d87f0000,0x00000000d8900000)
  to   space 1536K, 0% used [0x00000000d8600000,0x00000000d8600000,0x00000000d8780000)
 ParOldGen       total 144896K, used 105566K [0x0000000084200000, 0x000000008cf80000, 0x00000000d6b80000)
  object space 144896K, 72% used [0x0000000084200000,0x000000008a917a08,0x000000008cf80000)
 Metaspace       used 108596K, capacity 114564K, committed 114776K, reserved 1153024K
  class space    used 11157K, capacity 11857K, committed 11864K, reserved 1048576K
GC Heap History (10 events):
Event: 19597.967 GC heap before
{Heap before GC invocations=2353 (full 9):
 PSYoungGen      total 28672K, used 28000K [0x00000000d6b80000, 0x00000000d8900000, 0x0000000100000000)
  eden space 27136K, 100% used [0x00000000d6b80000,0x00000000d8600000,0x00000000d8600000)
  from space 1536K, 56% used [0x00000000d8600000,0x00000000d86d8000,0x00000000d8780000)
  to   space 1536K, 0% used [0x00000000d8780000,0x00000000d8780000,0x00000000d8900000)
 ParOldGen       total 144896K, used 105566K [0x0000000084200000, 0x000000008cf80000, 0x00000000d6b80000)
  object space 144896K, 72% used [0x0000000084200000,0x000000008a917a08,0x000000008cf80000)
 Metaspace       used 108595K, capacity 114564K, committed 114776K, reserved 1153024K
  class space    used 11157K, capacity 11857K, committed 11864K, reserved 1048576K
Event: 19597.969 GC heap after
Heap after GC invocations=2353 (full 9):
 PSYoungGen      total 28672K, used 608K [0x00000000d6b80000, 0x00000000d8900000, 0x0000000100000000)
  eden space 27136K, 0% used [0x00000000d6b80000,0x00000000d6b80000,0x00000000d8600000)
  from space 1536K, 39% used [0x00000000d8780000,0x00000000d8818000,0x00000000d8900000)
  to   space 1536K, 0% used [0x00000000d8600000,0x00000000d8600000,0x00000000d8780000)
 ParOldGen       total 144896K, used 105566K [0x0000000084200000, 0x000000008cf80000, 0x00000000d6b80000)
  object space 144896K, 72% used [0x0000000084200000,0x000000008a917a08,0x000000008cf80000)
 Metaspace       used 108595K, capacity 114564K, committed 114776K, reserved 1153024K
  class space    used 11157K, capacity 11857K, committed 11864K, reserved 1048576K
}
Event: 19604.754 GC heap before
{Heap before GC invocations=2354 (full 9):
 PSYoungGen      total 28672K, used 27744K [0x00000000d6b80000, 0x00000000d8900000, 0x0000000100000000)
  eden space 27136K, 100% used [0x00000000d6b80000,0x00000000d8600000,0x00000000d8600000)
  from space 1536K, 39% used [0x00000000d8780000,0x00000000d8818000,0x00000000d8900000)
  to   space 1536K, 0% used [0x00000000d8600000,0x00000000d8600000,0x00000000d8780000)
 ParOldGen       total 144896K, used 105566K [0x0000000084200000, 0x000000008cf80000, 0x00000000d6b80000)
  object space 144896K, 72% used [0x0000000084200000,0x000000008a917a08,0x000000008cf80000)
 Metaspace       used 108595K, capacity 114564K, committed 114776K, reserved 1153024K
  class space    used 11157K, capacity 11857K, committed 11864K, reserved 1048576K
Event: 19604.756 GC heap after
Heap after GC invocations=2354 (full 9):
 PSYoungGen      total 28672K, used 288K [0x00000000d6b80000, 0x00000000d8900000, 0x0000000100000000)
  eden space 27136K, 0% used [0x00000000d6b80000,0x00000000d6b80000,0x00000000d8600000)
  from space 1536K, 18% used [0x00000000d8600000,0x00000000d8648000,0x00000000d8780000)
  to   space 1536K, 0% used [0x00000000d8780000,0x00000000d8780000,0x00000000d8900000)
 ParOldGen       total 144896K, used 105566K [0x0000000084200000, 0x000000008cf80000, 0x00000000d6b80000)
  object space 144896K, 72% used [0x0000000084200000,0x000000008a917a08,0x000000008cf80000)
 Metaspace       used 108595K, capacity 114564K, committed 114776K, reserved 1153024K
  class space    used 11157K, capacity 11857K, committed 11864K, reserved 1048576K
}
Event: 19610.977 GC heap before
{Heap before GC invocations=2355 (full 9):
 PSYoungGen      total 28672K, used 27424K [0x00000000d6b80000, 0x00000000d8900000, 0x0000000100000000)
  eden space 27136K, 100% used [0x00000000d6b80000,0x00000000d8600000,0x00000000d8600000)
  from space 1536K, 18% used [0x00000000d8600000,0x00000000d8648000,0x00000000d8780000)
  to   space 1536K, 0% used [0x00000000d8780000,0x00000000d8780000,0x00000000d8900000)
 ParOldGen       total 144896K, used 105566K [0x0000000084200000, 0x000000008cf80000, 0x00000000d6b80000)
  object space 144896K, 72% used [0x0000000084200000,0x000000008a917a08,0x000000008cf80000)
 Metaspace       used 108595K, capacity 114564K, committed 114776K, reserved 1153024K
  class space    used 11157K, capacity 11857K, committed 11864K, reserved 1048576K
Event: 19610.980 GC heap after
Heap after GC invocations=2355 (full 9):
 PSYoungGen      total 28672K, used 864K [0x00000000d6b80000, 0x00000000d8900000, 0x0000000100000000)
  eden space 27136K, 0% used [0x00000000d6b80000,0x00000000d6b80000,0x00000000d8600000)
  from space 1536K, 56% used [0x00000000d8780000,0x00000000d8858000,0x00000000d8900000)
  to   space 1536K, 0% used [0x00000000d8600000,0x00000000d8600000,0x00000000d8780000)
 ParOldGen       total 144896K, used 105566K [0x0000000084200000, 0x000000008cf80000, 0x00000000d6b80000)
  object space 144896K, 72% used [0x0000000084200000,0x000000008a917a08,0x000000008cf80000)
 Metaspace       used 108595K, capacity 114564K, committed 114776K, reserved 1153024K
  class space    used 11157K, capacity 11857K, committed 11864K, reserved 1048576K
}
Event: 19617.395 GC heap before
{Heap before GC invocations=2356 (full 9):
 PSYoungGen      total 28672K, used 28000K [0x00000000d6b80000, 0x00000000d8900000, 0x0000000100000000)
  eden space 27136K, 100% used [0x00000000d6b80000,0x00000000d8600000,0x00000000d8600000)
  from space 1536K, 56% used [0x00000000d8780000,0x00000000d8858000,0x00000000d8900000)
  to   space 1536K, 0% used [0x00000000d8600000,0x00000000d8600000,0x00000000d8780000)
 ParOldGen       total 144896K, used 105566K [0x0000000084200000, 0x000000008cf80000, 0x00000000d6b80000)
  object space 144896K, 72% used [0x0000000084200000,0x000000008a917a08,0x000000008cf80000)
 Metaspace       used 108595K, capacity 114564K, committed 114776K, reserved 1153024K
  class space    used 11157K, capacity 11857K, committed 11864K, reserved 1048576K
Event: 19617.399 GC heap after
Heap after GC invocations=2356 (full 9):
 PSYoungGen      total 28672K, used 768K [0x00000000d6b80000, 0x00000000d8900000, 0x0000000100000000)
  eden space 27136K, 0% used [0x00000000d6b80000,0x00000000d6b80000,0x00000000d8600000)
  from space 1536K, 50% used [0x00000000d8600000,0x00000000d86c0000,0x00000000d8780000)
  to   space 1536K, 0% used [0x00000000d8780000,0x00000000d8780000,0x00000000d8900000)
 ParOldGen       total 144896K, used 105566K [0x0000000084200000, 0x000000008cf80000, 0x00000000d6b80000)
  object space 144896K, 72% used [0x0000000084200000,0x000000008a917a08,0x000000008cf80000)
 Metaspace       used 108595K, capacity 114564K, committed 114776K, reserved 1153024K
  class space    used 11157K, capacity 11857K, committed 11864K, reserved 1048576K
}
Event: 19624.178 GC heap before
{Heap before GC invocations=2357 (full 9):
 PSYoungGen      total 28672K, used 27904K [0x00000000d6b80000, 0x00000000d8900000, 0x0000000100000000)
  eden space 27136K, 100% used [0x00000000d6b80000,0x00000000d8600000,0x00000000d8600000)
  from space 1536K, 50% used [0x00000000d8600000,0x00000000d86c0000,0x00000000d8780000)
  to   space 1536K, 0% used [0x00000000d8780000,0x00000000d8780000,0x00000000d8900000)
 ParOldGen       total 144896K, used 105566K [0x0000000084200000, 0x000000008cf80000, 0x00000000d6b80000)
  object space 144896K, 72% used [0x0000000084200000,0x000000008a917a08,0x000000008cf80000)
 Metaspace       used 108595K, capacity 114564K, committed 114776K, reserved 1153024K
  class space    used 11157K, capacity 11857K, committed 11864K, reserved 1048576K
Event: 19624.180 GC heap after
Heap after GC invocations=2357 (full 9):
 PSYoungGen      total 28672K, used 448K [0x00000000d6b80000, 0x00000000d8900000, 0x0000000100000000)
  eden space 27136K, 0% used [0x00000000d6b80000,0x00000000d6b80000,0x00000000d8600000)
  from space 1536K, 29% used [0x00000000d8780000,0x00000000d87f0000,0x00000000d8900000)
  to   space 1536K, 0% used [0x00000000d8600000,0x00000000d8600000,0x00000000d8780000)
 ParOldGen       total 144896K, used 105566K [0x0000000084200000, 0x000000008cf80000, 0x00000000d6b80000)
  object space 144896K, 72% used [0x0000000084200000,0x000000008a917a08,0x000000008cf80000)
 Metaspace       used 108595K, capacity 114564K, committed 114776K, reserved 1153024K
  class space    used 11157K, capacity 11857K, committed 11864K, reserved 1048576K
}

